<?xml version="1.0" encoding="UTF-8"?>
<!-- Generated by org.testng.reporters.JUnitReportReporter -->
<testsuite hostname="DESKTOP-UVO07SS" failures="0" tests="3" name="dataDrivenTestExample.LoginWithInvalidUser" time="20.741" errors="0" timestamp="2022-02-05T20:14:43 IST" skipped="0">
  <testcase classname="dataDrivenTestExample.LoginWithInvalidUser" name="verifyLogin" time="7.242"/>
  <system-out/>
  <testcase classname="dataDrivenTestExample.LoginWithInvalidUser" name="verifyLogin" time="6.647"/>
  <system-out/>
  <testcase classname="dataDrivenTestExample.LoginWithInvalidUser" name="verifyLogin" time="6.852"/>
  <system-out/>
</testsuite> <!-- dataDrivenTestExample.LoginWithInvalidUser -->
