<?xml version="1.0" encoding="UTF-8"?>
<!-- Generated by org.testng.reporters.JUnitReportReporter -->
<testsuite hostname="DESKTOP-UVO07SS" failures="0" tests="1" name="controlExample.SampleApplicationTest" time="15.849" errors="0" timestamp="2022-02-04T09:35:42 IST" skipped="0">
  <testcase classname="controlExample.SampleApplicationTest" name="verifyLogin" time="15.849"/>
  <system-out/>
</testsuite> <!-- controlExample.SampleApplicationTest -->
