<?xml version="1.0" encoding="UTF-8"?>
<!-- Generated by org.testng.reporters.JUnitReportReporter -->
<testsuite hostname="DESKTOP-UVO07SS" failures="0" tests="1" name="TestAssisment.OrangeHRMLogin" time="11.695" errors="0" timestamp="2022-02-09T14:48:01 IST" skipped="0">
  <testcase classname="TestAssisment.OrangeHRMLogin" name="signIn" time="11.695"/>
</testsuite> <!-- TestAssisment.OrangeHRMLogin -->
