<?xml version="1.0" encoding="UTF-8"?>
<!-- Generated by org.testng.reporters.JUnitReportReporter -->
<testsuite hostname="DESKTOP-UVO07SS" failures="0" tests="2" name="Testingexample.test2" time="28.476" errors="0" timestamp="2022-02-03T09:43:46 IST" skipped="0">
  <testcase classname="Testingexample.test2" name="verifyAppTitle" time="3.695"/>
  <system-out/>
  <testcase classname="Testingexample.test2" name="searchItems" time="24.781"/>
  <system-out/>
</testsuite> <!-- Testingexample.test2 -->
