<?xml version="1.0" encoding="UTF-8"?>
<!-- Generated by org.testng.reporters.JUnitReportReporter -->
<testsuite hostname="DESKTOP-UVO07SS" failures="0" tests="1" name="alertExample.Actionexample" time="2.216" errors="0" timestamp="2022-02-04T12:24:16 IST" skipped="0">
  <testcase classname="alertExample.Actionexample" name="contextClick" time="2.216"/>
  <system-out/>
</testsuite> <!-- alertExample.Actionexample -->
