<?xml version="1.0" encoding="UTF-8"?>
<!-- Generated by org.testng.reporters.JUnitReportReporter -->
<testsuite hostname="DESKTOP-UVO07SS" failures="0" tests="1" name="xpathExample.XpathExample2" time="0.067" errors="0" timestamp="2022-02-07T09:32:00 IST" skipped="0">
  <testcase classname="xpathExample.XpathExample2" name="SeeMoreClick" time="0.067"/>
  <system-out/>
</testsuite> <!-- xpathExample.XpathExample2 -->
