<?xml version="1.0" encoding="UTF-8"?>
<!-- Generated by org.testng.reporters.JUnitReportReporter -->
<testsuite hostname="DESKTOP-UVO07SS" failures="0" tests="1" name="Testingexample.NewTest" time="0.009" errors="0" timestamp="2022-02-02T15:45:04 IST" skipped="0">
  <testcase classname="Testingexample.NewTest" name="f" time="0.009"/>
  <system-out/>
</testsuite> <!-- Testingexample.NewTest -->
