<?xml version="1.0" encoding="UTF-8"?>
<!-- Generated by org.testng.reporters.JUnitReportReporter -->
<testsuite hostname="DESKTOP-UVO07SS" failures="0" tests="1" name="actionExample.Doubleclicktest" time="2.283" errors="0" timestamp="2022-02-05T20:18:54 IST" skipped="0">
  <testcase classname="actionExample.Doubleclicktest" name="contextClick" time="2.283"/>
  <system-out/>
</testsuite> <!-- actionExample.Doubleclicktest -->
