<?xml version="1.0" encoding="UTF-8"?>
<!-- Generated by org.testng.reporters.JUnitReportReporter -->
<testsuite hostname="DESKTOP-UVO07SS" failures="0" tests="1" name="com.org.coforge.webapplication.login2" time="14.223" errors="0" timestamp="2022-02-02T14:02:55 IST" skipped="0">
  <testcase classname="com.org.coforge.webapplication.login2" name="TC_01" time="14.223"/>
  <system-out/>
</testsuite> <!-- com.org.coforge.webapplication.login2 -->
