<?xml version="1.0" encoding="UTF-8"?>
<!-- Generated by org.testng.reporters.JUnitReportReporter -->
<testsuite hostname="DESKTOP-UVO07SS" failures="0" tests="1" name="takeScreenshotExample.AmazonSearch" time="2.714" errors="0" timestamp="2022-02-04T13:42:14 IST" skipped="0">
  <testcase classname="takeScreenshotExample.AmazonSearch" name="contextClick" time="2.714"/>
  <system-out/>
</testsuite> <!-- takeScreenshotExample.AmazonSearch -->
