<?xml version="1.0" encoding="UTF-8"?>
<!-- Generated by org.testng.reporters.JUnitReportReporter -->
<testsuite hostname="DESKTOP-UVO07SS" failures="0" tests="3" name="alertExample.AlertExampleDemo" time="6.265" errors="0" timestamp="2022-02-04T09:43:19 IST" skipped="0">
  <testcase classname="alertExample.AlertExampleDemo" name="simpleAlert" time="2.074"/>
  <system-out/>
  <testcase classname="alertExample.AlertExampleDemo" name="confirmAlert" time="2.126"/>
  <system-out/>
  <testcase classname="alertExample.AlertExampleDemo" name="promptAlert" time="2.065"/>
  <system-out/>
</testsuite> <!-- alertExample.AlertExampleDemo -->
