<?xml version="1.0" encoding="UTF-8"?>
<!-- Generated by org.testng.reporters.JUnitReportReporter -->
<testsuite hostname="DESKTOP-UVO07SS" failures="0" tests="1" name="excelFileExample.RegisterStudentExcelTest" time="72.952" errors="0" timestamp="2022-02-07T15:12:56 IST" skipped="0">
  <testcase classname="excelFileExample.RegisterStudentExcelTest" name="RegistrationDataDrivernTest" time="72.952"/>
</testsuite> <!-- excelFileExample.RegisterStudentExcelTest -->
