<?xml version="1.0" encoding="UTF-8"?>
<!-- Generated by org.testng.reporters.JUnitReportReporter -->
<testsuite hostname="DESKTOP-UVO07SS" failures="0" tests="3" name="Testingexample.test3" time="25.194" errors="0" timestamp="2022-02-03T09:42:30 IST" skipped="0">
  <testcase classname="Testingexample.test3" name="verifyAppTitleBeforeSearch" time="0.020"/>
  <system-out/>
  <testcase classname="Testingexample.test3" name="searchItems" time="25.167"/>
  <system-out/>
  <testcase classname="Testingexample.test3" name="verifyAppTitle" time="0.007"/>
  <system-out/>
</testsuite> <!-- Testingexample.test3 -->
