<?xml version="1.0" encoding="UTF-8"?>
<!-- Generated by org.testng.reporters.JUnitReportReporter -->
<testsuite hostname="DESKTOP-UVO07SS" failures="0" tests="1" name="configExample.LoginExample" time="18.182" errors="0" timestamp="2022-02-03T12:37:27 IST" skipped="0">
  <testcase classname="configExample.LoginExample" name="verifyLogin" time="18.182"/>
  <system-out/>
</testsuite> <!-- configExample.LoginExample -->
