<?xml version="1.0" encoding="UTF-8"?>
<!-- Generated by org.testng.reporters.JUnitReportReporter -->
<testsuite hostname="DESKTOP-UVO07SS" failures="0" tests="1" name="Testingexample.Amazontest" time="27.623" errors="0" timestamp="2022-02-08T23:58:04 IST" skipped="0">
  <testcase classname="Testingexample.Amazontest" name="searchItems" time="27.623"/>
</testsuite> <!-- Testingexample.Amazontest -->
