<?xml version="1.0" encoding="UTF-8"?>
<!-- Generated by org.testng.reporters.JUnitReportReporter -->
<testsuite hostname="DESKTOP-UVO07SS" failures="0" tests="1" name="xpathExample.XpathExample" time="23.004" errors="0" timestamp="2022-02-07T09:29:39 IST" skipped="0">
  <testcase classname="xpathExample.XpathExample" name="SeeMoreClick" time="23.004"/>
  <system-out/>
</testsuite> <!-- xpathExample.XpathExample -->
