<?xml version="1.0" encoding="UTF-8"?>
<!-- Generated by org.testng.reporters.JUnitReportReporter -->
<testsuite hostname="DESKTOP-UVO07SS" failures="0" tests="4" name="com.org.coforge.webapplication.login3" time="0.007" errors="0" timestamp="2022-02-02T14:16:24 IST" skipped="0">
  <testcase classname="com.org.coforge.webapplication.login3" name="login" time="0.005"/>
  <system-out/>
  <testcase classname="com.org.coforge.webapplication.login3" name="addItemsToCart" time="0.001"/>
  <system-out/>
  <testcase classname="com.org.coforge.webapplication.login3" name="payment" time="0.000"/>
  <system-out/>
  <testcase classname="com.org.coforge.webapplication.login3" name="logout" time="0.001"/>
  <system-out/>
</testsuite> <!-- com.org.coforge.webapplication.login3 -->
