<?xml version="1.0" encoding="UTF-8"?>
<!-- Generated by org.testng.reporters.JUnitReportReporter -->
<testsuite hostname="DESKTOP-UVO07SS" failures="0" tests="1" name="Practice.Shikhar" time="29.635" errors="0" timestamp="2022-02-09T15:01:17 IST" skipped="0">
  <testcase classname="Practice.Shikhar" name="signin" time="29.635"/>
</testsuite> <!-- Practice.Shikhar -->
