<?xml version="1.0" encoding="UTF-8"?>
<!-- Generated by org.testng.reporters.JUnitReportReporter -->
<testsuite hostname="DESKTOP-UVO07SS" failures="0" tests="3" name="dataDrivenTestExample.LoginWithInvalidUser" time="19.900" errors="0" timestamp="2022-02-07T15:49:59 IST" skipped="0">
  <testcase classname="dataDrivenTestExample.LoginWithInvalidUser" name="verifyLogin" time="6.440"/>
  <testcase classname="dataDrivenTestExample.LoginWithInvalidUser" name="verifyLogin" time="6.950"/>
  <testcase classname="dataDrivenTestExample.LoginWithInvalidUser" name="verifyLogin" time="6.510"/>
</testsuite> <!-- dataDrivenTestExample.LoginWithInvalidUser -->
